2025-10-01T18:51:43.503Z - GET /api/search?lat=18.9696254&lng=72.81930799999999&type=blood&value=A-
2025-10-01T18:56:34.571Z - GET /api/search?lat=18.9581934&lng=72.8320729&type=blood&value=A%2B
2025-10-01T19:03:31.032Z - GET /api/search?lat=18.9581934&lng=72.8320729&type=blood&value=A-
2025-10-01T19:03:40.850Z - GET /api/search?lat=18.9581934&lng=72.8320729&type=blood&value=A%2B
2025-10-01T19:03:55.828Z - GET /api/search?lat=18.9581934&lng=72.8320729&type=blood&value=AB%2B
2025-10-01T19:04:25.410Z - GET /api/search?lat=18.9581934&lng=72.8320729&type=blood&value=AB%2B
2025-10-01T19:06:47.147Z - GET /api/search?lat=18.9581934&lng=72.8320729&type=blood&value=AB%2B
2025-10-01T19:09:47.080Z - GET /api/search?lat=18.9696254&lng=72.81930799999999&type=blood&value=A-
2025-10-01T19:09:50.507Z - GET /api/search?lat=18.9696254&lng=72.81930799999999&type=blood&value=A%2B
2025-10-01T21:53:54.997Z - GET /api/search?lat=18.9696254&lng=72.81930799999999&type=blood&value=AB%2B
2025-10-01T21:58:27.571Z - GET /api/search?lat=19.0760&lng=72.8777&type=blood&value=A+
2025-10-01T21:58:57.584Z - GET /api/search?lat=18.9696254&lng=72.81930799999999&type=blood&value=AB%2B
2025-10-01T22:10:06.058Z - GET /api/search?lat=18.9696254&lng=72.81930799999999&type=blood&value=AB%2B
2025-10-01T22:10:28.220Z - GET /api/search?lat=18.9696254&lng=72.81930799999999&type=blood&value=AB%2B
2025-10-01T22:10:28.259Z - GET /api/donors?type=blood&value=AB%2B
2025-10-01T22:14:52.983Z - GET /api/search?lat=18.9696254&lng=72.81930799999999&type=blood&value=AB%2B
2025-10-01T22:20:07.880Z - GET /api/search?lat=28.7040592&lng=77.10249019999999&type=blood&value=B-
2025-10-01T22:20:15.955Z - GET /api/search?lat=28.7040592&lng=77.10249019999999&type=blood&value=O-
2025-10-01T22:48:18.481Z - GET /api/donors
2025-10-01T22:48:18.515Z - GET /api/donors
2025-10-01T22:49:38.779Z - GET /api/donors
2025-10-01T22:49:39.118Z - GET /api/donors
2025-10-01T22:51:28.437Z - GET /api/donors?page=1&limit=10
2025-10-01T22:52:21.702Z - GET /api/donors?page=1&limit=10
2025-10-01T22:52:21.975Z - GET /api/donors?page=1&limit=10
2025-10-01T22:54:24.283Z - GET /api/donors?page=1&limit=10
2025-10-01T22:54:24.619Z - GET /api/donors?page=1&limit=10
2025-10-01T22:56:23.458Z - GET /api/donors?page=1&limit=10
2025-10-01T22:56:23.517Z - GET /api/donors?page=1&limit=10
2025-10-01T22:56:35.970Z - GET /api/donors?page=1&limit=10
2025-10-01T22:56:35.987Z - GET /api/donors?page=1&limit=10
2025-10-01T23:00:23.113Z - GET /api/donors?page=1&limit=10&search=
2025-10-01T23:06:43.811Z - GET /api/donors?page=1&limit=10&search=
2025-10-01T23:06:43.842Z - GET /api/donors?page=1&limit=10&search=
2025-10-01T23:08:16.787Z - GET /api/donors?page=1&limit=10&search=
2025-10-01T23:08:16.800Z - GET /api/donors?page=1&limit=10&search=
2025-10-01T23:17:05.879Z - GET /api/donors?page=1&limit=10&search=
2025-10-01T23:23:17.767Z - GET /api/admin/manage-donors?page=1&limit=10&search=&bloodGroup=&verified=
2025-10-01T23:25:53.829Z - GET /api/donors?page=1&limit=10&search=
2025-10-01T23:26:27.989Z - GET /api/search?lat=18.9581934&lng=72.8320729&type=blood&value=A-
2025-10-01T23:26:31.255Z - GET /api/search?lat=18.9581934&lng=72.8320729&type=blood&value=AB%2B
2025-10-01T23:36:30.321Z - GET /api/search?lat=18.9581934&lng=72.8320729&type=blood&value=AB%2B
2025-10-01T23:37:13.819Z - GET /api/search?lat=18.9581934&lng=72.8320729&type=blood&value=A%2B
2025-10-01T23:48:42.261Z - GET /api/search?lat=18.9581934&lng=72.8320729&type=blood&value=B%2B
